<?xml version="1.0" encoding="UTF-8"?>
<!-- Generated by org.testng.reporters.JUnitXMLReporter -->
<testsuite ignored="2" hostname="LAPTOP-HOME" failures="0" tests="10" name="Test" time="1.112" errors="0" timestamp="2023-02-17T00:05:27 IST">
  <testcase classname="com.CMS.TestCases.BaseTest" name="@BeforeSuite setup" time="-1.676572526545E9">
    <failure type="org.testng.TestNGException" message="
Parameter &amp;apos; browser&amp;apos; is required by BeforeSuite on method setup but has not been marked @Optional or defined
in C:\Users\SAMBIT\Documents\GitHub\CMS\testng.xml">
      <![CDATA[org.testng.TestNGException: 
Parameter ' browser' is required by BeforeSuite on method setup but has not been marked @Optional or defined
in C:\Users\SAMBIT\Documents\GitHub\CMS\testng.xml
... Removed 16 stack frames]]>
    </failure>
  </testcase> <!-- @BeforeSuite setup -->
  <testcase classname="com.CMS.TestCases.TC_LF_001" name="openLandingPage" time="0.0">
    <skipped/>
  </testcase> <!-- openLandingPage -->
  <testcase classname="com.CMS.TestCases.TC_LF_002" name="successfulLoginTest" time="0.0">
    <skipped/>
  </testcase> <!-- successfulLoginTest -->
  <testcase classname="com.CMS.TestCases.TC_LF_002" name="successfulLoginTest" time="0.001">
    <skipped/>
  </testcase> <!-- successfulLoginTest -->
  <testcase classname="com.CMS.TestCases.TC_LF_002" name="successfulLoginTest" time="0.0">
    <skipped/>
  </testcase> <!-- successfulLoginTest -->
  <testcase classname="com.CMS.TestCases.TC_LF_002" name="successfulLoginTest" time="0.0">
    <skipped/>
  </testcase> <!-- successfulLoginTest -->
  <testcase classname="com.CMS.TestCases.TC_LF_002" name="successfulLoginTest" time="0.0">
    <skipped/>
  </testcase> <!-- successfulLoginTest -->
  <testcase classname="com.CMS.TestCases.TC_LF_002" name="successfulLoginTest" time="0.0">
    <skipped/>
  </testcase> <!-- successfulLoginTest -->
  <testcase classname="com.CMS.TestCases.TC_LF_002" name="successfulLoginTest" time="0.0">
    <skipped/>
  </testcase> <!-- successfulLoginTest -->
  <testcase classname="com.CMS.TestCases.TC_LF_002" name="successfulLoginTest" time="0.0">
    <skipped/>
  </testcase> <!-- successfulLoginTest -->
  <testcase classname="com.CMS.TestCases.TC_LF_002" name="successfulLoginTest" time="0.0">
    <skipped/>
  </testcase> <!-- successfulLoginTest -->
  <testcase classname="com.CMS.TestCases.BaseTest" name="@AfterSuite tearDown" time="0.0">
    <ignored/>
  </testcase> <!-- @AfterSuite tearDown -->
  <testcase classname="com.CMS.TestCases.BaseTest" name="@BeforeSuite setup" time="0.0">
    <ignored/>
  </testcase> <!-- @BeforeSuite setup -->
</testsuite> <!-- Test -->
