<?xml version="1.0" encoding="UTF-8"?>
<!-- Generated by org.testng.reporters.JUnitReportReporter -->
<testsuite hostname="LAPTOP-HOME" failures="0" tests="28" name="com.CMS.TestCases.TC_LF_002" time="34.493" errors="1" timestamp="2023-02-17T00:52:38 IST" skipped="9">
  <testcase classname="com.CMS.TestCases.TC_LF_002" name="setup" time="20.055">
    <error message="Could not start a new session. Possible causes are invalid address of the remote server or browser start-up failure. 
Host info: host: &#039;LAPTOP-HOME&#039;, ip: &#039;192.168.1.10&#039;" type="org.openqa.selenium.SessionNotCreatedException">
      <![CDATA[org.openqa.selenium.SessionNotCreatedException: Could not start a new session. Possible causes are invalid address of the remote server or browser start-up failure. 
Host info: host: 'LAPTOP-HOME', ip: '192.168.1.10'
at org.openqa.selenium.remote.RemoteWebDriver.execute(RemoteWebDriver.java:561)
at org.openqa.selenium.remote.RemoteWebDriver.startSession(RemoteWebDriver.java:229)
at org.openqa.selenium.remote.RemoteWebDriver.<init>(RemoteWebDriver.java:157)
at org.openqa.selenium.firefox.FirefoxDriver.<init>(FirefoxDriver.java:130)
at org.openqa.selenium.firefox.FirefoxDriver.<init>(FirefoxDriver.java:111)
at org.openqa.selenium.firefox.FirefoxDriver.<init>(FirefoxDriver.java:101)
at com.CMS.TestCases.BaseTest.setup(BaseTest.java:41)
at java.base/jdk.internal.reflect.DirectMethodHandleAccessor.invoke(DirectMethodHandleAccessor.java:104)
at java.base/java.lang.reflect.Method.invoke(Method.java:578)
at org.testng.internal.invokers.MethodInvocationHelper.invokeMethod(MethodInvocationHelper.java:139)
at org.testng.internal.invokers.MethodInvocationHelper.invokeMethodConsideringTimeout(MethodInvocationHelper.java:69)
at org.testng.internal.invokers.ConfigInvoker.invokeConfigurationMethod(ConfigInvoker.java:361)
at org.testng.internal.invokers.ConfigInvoker.invokeConfigurations(ConfigInvoker.java:296)
at org.testng.internal.invokers.TestMethodWorker.invokeBeforeClassMethods(TestMethodWorker.java:180)
at org.testng.internal.invokers.TestMethodWorker.run(TestMethodWorker.java:122)
at java.base/java.util.ArrayList.forEach(ArrayList.java:1511)
at org.testng.TestRunner.privateRun(TestRunner.java:829)
at org.testng.TestRunner.run(TestRunner.java:602)
at org.testng.SuiteRunner.runTest(SuiteRunner.java:437)
at org.testng.SuiteRunner.runSequentially(SuiteRunner.java:431)
at org.testng.SuiteRunner.privateRun(SuiteRunner.java:391)
at org.testng.SuiteRunner.run(SuiteRunner.java:330)
at org.testng.SuiteRunnerWorker.runSuite(SuiteRunnerWorker.java:52)
at org.testng.SuiteRunnerWorker.run(SuiteRunnerWorker.java:95)
at org.testng.TestNG.runSuitesSequentially(TestNG.java:1256)
at org.testng.TestNG.runSuitesLocally(TestNG.java:1176)
at org.testng.TestNG.runSuites(TestNG.java:1099)
at org.testng.TestNG.run(TestNG.java:1067)
at org.testng.remote.AbstractRemoteTestNG.run(AbstractRemoteTestNG.java:115)
at org.testng.remote.RemoteTestNG.initAndRun(RemoteTestNG.java:251)
at org.testng.remote.RemoteTestNG.main(RemoteTestNG.java:77)
Caused by: org.openqa.selenium.WebDriverException: Timed out waiting for driver process to start.
Build info: version: '4.8.0', revision: '267030adea'
System info: os.name: 'Windows 11', os.arch: 'amd64', os.version: '10.0', java.version: '19.0.1'
Driver info: driver.version: FirefoxDriver
at org.openqa.selenium.remote.service.DriverService.start(DriverService.java:218)
at org.openqa.selenium.remote.service.DriverCommandExecutor.execute(DriverCommandExecutor.java:98)
at org.openqa.selenium.remote.RemoteWebDriver.execute(RemoteWebDriver.java:543)
... 30 more
]]>
    </error>
  </testcase> <!-- setup -->
  <system-out/>
  <testcase classname="com.CMS.TestCases.TC_LF_002" name="successfulLoginTest" time="1.121"/>
  <system-out/>
  <testcase classname="com.CMS.TestCases.TC_LF_002" name="successfulLoginTest" time="0.516"/>
  <system-out/>
  <testcase classname="com.CMS.TestCases.TC_LF_002" name="successfulLoginTest" time="0.299"/>
  <system-out/>
  <testcase classname="com.CMS.TestCases.TC_LF_002" name="successfulLoginTest" time="0.512"/>
  <system-out/>
  <testcase classname="com.CMS.TestCases.TC_LF_002" name="successfulLoginTest" time="0.000">
    <skipped/>
  </testcase> <!-- successfulLoginTest -->
  <system-out/>
  <testcase classname="com.CMS.TestCases.TC_LF_002" name="successfulLoginTest" time="0.000">
    <skipped/>
  </testcase> <!-- successfulLoginTest -->
  <system-out/>
  <testcase classname="com.CMS.TestCases.TC_LF_002" name="successfulLoginTest" time="1.194"/>
  <system-out/>
  <testcase classname="com.CMS.TestCases.TC_LF_002" name="successfulLoginTest" time="1.068"/>
  <system-out/>
  <testcase classname="com.CMS.TestCases.TC_LF_002" name="successfulLoginTest" time="0.000">
    <skipped/>
  </testcase> <!-- successfulLoginTest -->
  <system-out/>
  <testcase classname="com.CMS.TestCases.TC_LF_002" name="successfulLoginTest" time="0.463"/>
  <system-out/>
  <testcase classname="com.CMS.TestCases.TC_LF_002" name="successfulLoginTest" time="0.467"/>
  <system-out/>
  <testcase classname="com.CMS.TestCases.TC_LF_002" name="successfulLoginTest" time="0.506"/>
  <system-out/>
  <testcase classname="com.CMS.TestCases.TC_LF_002" name="successfulLoginTest" time="1.712"/>
  <system-out/>
  <testcase classname="com.CMS.TestCases.TC_LF_002" name="successfulLoginTest" time="0.000">
    <skipped/>
  </testcase> <!-- successfulLoginTest -->
  <system-out/>
  <testcase classname="com.CMS.TestCases.TC_LF_002" name="successfulLoginTest" time="0.976"/>
  <system-out/>
  <testcase classname="com.CMS.TestCases.TC_LF_002" name="successfulLoginTest" time="0.453"/>
  <system-out/>
  <testcase classname="com.CMS.TestCases.TC_LF_002" name="successfulLoginTest" time="1.093"/>
  <system-out/>
  <testcase classname="com.CMS.TestCases.TC_LF_002" name="successfulLoginTest" time="0.473"/>
  <system-out/>
  <testcase classname="com.CMS.TestCases.TC_LF_002" name="successfulLoginTest" time="0.498"/>
  <system-out/>
  <testcase classname="com.CMS.TestCases.TC_LF_002" name="successfulLoginTest" time="0.000">
    <skipped/>
  </testcase> <!-- successfulLoginTest -->
  <system-out/>
  <testcase classname="com.CMS.TestCases.TC_LF_002" name="successfulLoginTest" time="1.046"/>
  <system-out/>
  <testcase classname="com.CMS.TestCases.TC_LF_002" name="successfulLoginTest" time="0.000">
    <skipped/>
  </testcase> <!-- successfulLoginTest -->
  <system-out/>
  <testcase classname="com.CMS.TestCases.TC_LF_002" name="successfulLoginTest" time="0.365"/>
  <system-out/>
  <testcase classname="com.CMS.TestCases.TC_LF_002" name="successfulLoginTest" time="0.000">
    <skipped/>
  </testcase> <!-- successfulLoginTest -->
  <system-out/>
  <testcase classname="com.CMS.TestCases.TC_LF_002" name="successfulLoginTest" time="0.000">
    <skipped/>
  </testcase> <!-- successfulLoginTest -->
  <system-out/>
  <testcase classname="com.CMS.TestCases.TC_LF_002" name="successfulLoginTest" time="1.676"/>
  <system-out/>
  <testcase classname="com.CMS.TestCases.TC_LF_002" name="successfulLoginTest" time="0.000">
    <skipped/>
  </testcase> <!-- successfulLoginTest -->
  <system-out/>
</testsuite> <!-- com.CMS.TestCases.TC_LF_002 -->
